<?xml version="1.0" encoding="UTF-8"?>
<testsuite xmlns:xsi="http://www.w3.org/2001/XMLSchema-instance" xsi:noNamespaceSchemaLocation="https://maven.apache.org/surefire/maven-surefire-plugin/xsd/surefire-test-report-3.0.xsd" version="3.0" name="typechecker.TypeCheckerTest" time="0.132" tests="51" errors="0" skipped="0" failures="0">
  <properties>
[...]
</properties>
  <testcase name="testTraitMethodTypeResolution" classname="typechecker.TypeCheckerTest" time="0.013"/>
  <testcase name="testValidWhileStatement" classname="typechecker.TypeCheckerTest" time="0.015"/>
  <testcase name="testMethodOverloadAmbiguityWithBoolean" classname="typechecker.TypeCheckerTest" time="0.007"/>
  <testcase name="testUnknownVariableThrows" classname="typechecker.TypeCheckerTest" time="0.002"/>
  <testcase name="testInvalidIfConditionType" classname="typechecker.TypeCheckerTest" time="0.004"/>
  <testcase name="testTraitMethodReference" classname="typechecker.TypeCheckerTest" time="0.002"/>
  <testcase name="testBreakStatementOutsideLoopFails" classname="typechecker.TypeCheckerTest" time="0.002"/>
  <testcase name="testMethodCallNoMatchingOverload" classname="typechecker.TypeCheckerTest" time="0.007"/>
  <testcase name="testMethodCallOnPrimitiveThrows" classname="typechecker.TypeCheckerTest" time="0.002"/>
  <testcase name="testTraitImplementationForStruct" classname="typechecker.TypeCheckerTest" time="0.001"/>
  <testcase name="testValidIfStatement" classname="typechecker.TypeCheckerTest" time="0.001"/>
  <testcase name="testUndefinedVariableThrows" classname="typechecker.TypeCheckerTest" time="0.005"/>
  <testcase name="testStructInstantiationMissingField" classname="typechecker.TypeCheckerTest" time="0.007"/>
  <testcase name="testDuplicateMethodInTrait" classname="typechecker.TypeCheckerTest" time="0.003"/>
  <testcase name="testUndefinedMethodInTrait" classname="typechecker.TypeCheckerTest" time="0.002"/>
  <testcase name="testInvalidWhileConditionType" classname="typechecker.TypeCheckerTest" time="0.001"/>
  <testcase name="testIntegerLiteralType" classname="typechecker.TypeCheckerTest" time="0.001"/>
  <testcase name="testMethodCallUnknownMethod" classname="typechecker.TypeCheckerTest" time="0.001"/>
  <testcase name="testMethodOverloadWithDifferentParamTypesOnStruct" classname="typechecker.TypeCheckerTest" time="0.001"/>
  <testcase name="testStructFieldTypeMismatch" classname="typechecker.TypeCheckerTest" time="0.004"/>
  <testcase name="testStructInstantiationExtraField" classname="typechecker.TypeCheckerTest" time="0.001"/>
  <testcase name="testCorrectMethodOverloadSelected" classname="typechecker.TypeCheckerTest" time="0.001"/>
  <testcase name="testArithmeticExpressionType" classname="typechecker.TypeCheckerTest" time="0.001"/>
  <testcase name="testErrorMessageIncludesExpectedAndActualType" classname="typechecker.TypeCheckerTest" time="0"/>
  <testcase name="testBreakStatementIsAccepted" classname="typechecker.TypeCheckerTest" time="0.001"/>
  <testcase name="testMethodDefinitionInsideStruct" classname="typechecker.TypeCheckerTest" time="0.001"/>
  <testcase name="testMethodOverloadingResolution" classname="typechecker.TypeCheckerTest" time="0"/>
  <testcase name="testMethodCallWithStructArgument" classname="typechecker.TypeCheckerTest" time="0.001"/>
  <testcase name="testSelfReferenceInTrait" classname="typechecker.TypeCheckerTest" time="0.001"/>
  <testcase name="testNestedStructInstantiation" classname="typechecker.TypeCheckerTest" time="0.001"/>
  <testcase name="testStructMissingFieldsFails" classname="typechecker.TypeCheckerTest" time="0.001"/>
  <testcase name="testLogicalBooleanExpression" classname="typechecker.TypeCheckerTest" time="0.001"/>
  <testcase name="testFunctionCallWithTooManyArguments" classname="typechecker.TypeCheckerTest" time="0.002"/>
  <testcase name="testMethodOverloading" classname="typechecker.TypeCheckerTest" time="0"/>
  <testcase name="testReturnStatementTypeCheck" classname="typechecker.TypeCheckerTest" time="0.001"/>
  <testcase name="testTraitMethodCallOnStructInstance" classname="typechecker.TypeCheckerTest" time="0.001"/>
  <testcase name="testBooleanLiteralType" classname="typechecker.TypeCheckerTest" time="0"/>
  <testcase name="testTraitDispatchMultipleImpls" classname="typechecker.TypeCheckerTest" time="0"/>
  <testcase name="testMethodCallOnStructWithoutTrait" classname="typechecker.TypeCheckerTest" time="0.001"/>
  <testcase name="testTraitImplMissingMethod" classname="typechecker.TypeCheckerTest" time="0.001"/>
  <testcase name="testTraitOverrideStructureOnly" classname="typechecker.TypeCheckerTest" time="0"/>
  <testcase name="testCallExprWithFunctionVariable" classname="typechecker.TypeCheckerTest" time="0"/>
  <testcase name="testUndefinedStructReference" classname="typechecker.TypeCheckerTest" time="0.001"/>
  <testcase name="testFieldAccessFromNonStructThrows" classname="typechecker.TypeCheckerTest" time="0.003"/>
  <testcase name="testMissingStructFieldInInstantiation" classname="typechecker.TypeCheckerTest" time="0.001"/>
  <testcase name="testValidBlockStatement" classname="typechecker.TypeCheckerTest" time="0.001"/>
  <testcase name="testExtraStructFieldInInstantiation" classname="typechecker.TypeCheckerTest" time="0.001"/>
  <testcase name="testFieldAccessFromStruct" classname="typechecker.TypeCheckerTest" time="0"/>
  <testcase name="testTraitNotImplementedShouldError" classname="typechecker.TypeCheckerTest" time="0.001"/>
  <testcase name="testTraitWithMultipleMethods" classname="typechecker.TypeCheckerTest" time="0.001"/>
  <testcase name="testStructInstantiationWithCorrectFields" classname="typechecker.TypeCheckerTest" time="0"/>
</testsuite>