<?xml version="1.0" encoding="UTF-8"?>
<testsuite xmlns:xsi="http://www.w3.org/2001/XMLSchema-instance" xsi:noNamespaceSchemaLocation="https://maven.apache.org/surefire/maven-surefire-plugin/xsd/surefire-test-report-3.0.xsd" version="3.0" name="tokenizer.TokenizerTest" time="0.546" tests="38" errors="0" skipped="0" failures="0">
  <properties>
[...]
</properties>
  <testcase name="testReadRParenToken" classname="tokenizer.TokenizerTest" time="0.247"/>
  <testcase name="testMethodToken" classname="tokenizer.TokenizerTest" time="0.026"/>
  <testcase name="testReadDEqualsToken" classname="tokenizer.TokenizerTest" time="0.005"/>
  <testcase name="testReadPlusToken" classname="tokenizer.TokenizerTest" time="0.008"/>
  <testcase name="testReadEqualsToken" classname="tokenizer.TokenizerTest" time="0.004"/>
  <testcase name="testLetToken" classname="tokenizer.TokenizerTest" time="0.003"/>
  <testcase name="testDoubleDigitIntegerToken" classname="tokenizer.TokenizerTest" time="0.019"/>
  <testcase name="testEmpty" classname="tokenizer.TokenizerTest" time="0.002"/>
  <testcase name="testSelfToken" classname="tokenizer.TokenizerTest" time="0.004"/>
  <testcase name="testReadLCurlyToken" classname="tokenizer.TokenizerTest" time="0.006"/>
  <testcase name="testReadLessThanToken" classname="tokenizer.TokenizerTest" time="0.003"/>
  <testcase name="testVoidToken" classname="tokenizer.TokenizerTest" time="0.006"/>
  <testcase name="testElseToken" classname="tokenizer.TokenizerTest" time="0.002"/>
  <testcase name="testReadNEqualsToken" classname="tokenizer.TokenizerTest" time="0.008"/>
  <testcase name="testPrintlnToken" classname="tokenizer.TokenizerTest" time="0"/>
  <testcase name="testSingleWhitespaceAndA" classname="tokenizer.TokenizerTest" time="0"/>
  <testcase name="testSingleDigitIntegerToken" classname="tokenizer.TokenizerTest" time="0"/>
  <testcase name="testReadSlashToken" classname="tokenizer.TokenizerTest" time="0.008"/>
  <testcase name="testReadLParenToken" classname="tokenizer.TokenizerTest" time="0.003"/>
  <testcase name="testImplToken" classname="tokenizer.TokenizerTest" time="0.004"/>
  <testcase name="testReadCommaToken" classname="tokenizer.TokenizerTest" time="0.007"/>
  <testcase name="testFuncToken" classname="tokenizer.TokenizerTest" time="0.006"/>
  <testcase name="testBreakToken" classname="tokenizer.TokenizerTest" time="0.004"/>
  <testcase name="testStructToken" classname="tokenizer.TokenizerTest" time="0.004"/>
  <testcase name="testReadColonToken" classname="tokenizer.TokenizerTest" time="0.004"/>
  <testcase name="testReadDotToken" classname="tokenizer.TokenizerTest" time="0.003"/>
  <testcase name="testReadRArrowToken" classname="tokenizer.TokenizerTest" time="0.004"/>
  <testcase name="testWhileToken" classname="tokenizer.TokenizerTest" time="0.007"/>
  <testcase name="testReadRCurlyToken" classname="tokenizer.TokenizerTest" time="0.004"/>
  <testcase name="testForToken" classname="tokenizer.TokenizerTest" time="0.004"/>
  <testcase name="testIfToken" classname="tokenizer.TokenizerTest" time="0.004"/>
  <testcase name="testReadMinusToken" classname="tokenizer.TokenizerTest" time="0.006"/>
  <testcase name="testTraitToken" classname="tokenizer.TokenizerTest" time="0"/>
  <testcase name="testSingleWhitespace" classname="tokenizer.TokenizerTest" time="0.006"/>
  <testcase name="testReadSemicolonToken" classname="tokenizer.TokenizerTest" time="0.004"/>
  <testcase name="testNewToken" classname="tokenizer.TokenizerTest" time="0.003"/>
  <testcase name="testReadStarToken" classname="tokenizer.TokenizerTest" time="0.003"/>
  <testcase name="testReturnToken" classname="tokenizer.TokenizerTest" time="0.007"/>
</testsuite>