<?xml version="1.0" encoding="UTF-8"?>
<testsuite xmlns:xsi="http://www.w3.org/2001/XMLSchema-instance" xsi:noNamespaceSchemaLocation="https://maven.apache.org/surefire/maven-surefire-plugin/xsd/surefire-test-report-3.0.xsd" version="3.0" name="tokenizer.TokenizerTest" time="0.044" tests="20" errors="0" skipped="0" failures="0">
  <properties>
[...]
</properties>
  <testcase name="testReadRParenToken" classname="tokenizer.TokenizerTest" time="0.02"/>
  <testcase name="testReadDEqualsToken" classname="tokenizer.TokenizerTest" time="0.002"/>
  <testcase name="testReadPlusToken" classname="tokenizer.TokenizerTest" time="0.001"/>
  <testcase name="testReadEqualsToken" classname="tokenizer.TokenizerTest" time="0"/>
  <testcase name="testEmpty" classname="tokenizer.TokenizerTest" time="0.001"/>
  <testcase name="testReadLCurlyToken" classname="tokenizer.TokenizerTest" time="0.001"/>
  <testcase name="testReadLessThanToken" classname="tokenizer.TokenizerTest" time="0.001"/>
  <testcase name="testReadNEqualsToken" classname="tokenizer.TokenizerTest" time="0"/>
  <testcase name="testSingleWhitespaceAndA" classname="tokenizer.TokenizerTest" time="0"/>
  <testcase name="testReadSlashToken" classname="tokenizer.TokenizerTest" time="0.001"/>
  <testcase name="testReadLParenToken" classname="tokenizer.TokenizerTest" time="0.001"/>
  <testcase name="testReadCommaToken" classname="tokenizer.TokenizerTest" time="0"/>
  <testcase name="testReadColonToken" classname="tokenizer.TokenizerTest" time="0"/>
  <testcase name="testReadDotToken" classname="tokenizer.TokenizerTest" time="0.001"/>
  <testcase name="testReadRArrowToken" classname="tokenizer.TokenizerTest" time="0"/>
  <testcase name="testReadRCurlyToken" classname="tokenizer.TokenizerTest" time="0"/>
  <testcase name="testReadMinusToken" classname="tokenizer.TokenizerTest" time="0.001"/>
  <testcase name="testSingleWhitespace" classname="tokenizer.TokenizerTest" time="0"/>
  <testcase name="testReadSemicolonToken" classname="tokenizer.TokenizerTest" time="0.001"/>
  <testcase name="testReadStarToken" classname="tokenizer.TokenizerTest" time="0"/>
</testsuite>