<?xml version="1.0" encoding="UTF-8"?>
<testsuite xmlns:xsi="http://www.w3.org/2001/XMLSchema-instance" xsi:noNamespaceSchemaLocation="https://maven.apache.org/surefire/maven-surefire-plugin/xsd/surefire-test-report-3.0.xsd" version="3.0" name="parser.ParserTest" time="0.312" tests="69" errors="0" skipped="0" failures="0">
  <properties>
[...]
</properties>
  <testcase name="testPrimaryExpParenExp" classname="parser.ParserTest" time="0.03"/>
  <testcase name="testEqualsExpWithEqualsToken" classname="parser.ParserTest" time="0"/>
  <testcase name="testParenthesizedExpression" classname="parser.ParserTest" time="0.001"/>
  <testcase name="testLessThanExp_noLessThan" classname="parser.ParserTest" time="0.001"/>
  <testcase name="testStructActualParam" classname="parser.ParserTest" time="0.008"/>
  <testcase name="testConcMethodDefParsesCorrectly" classname="parser.ParserTest" time="0.032"/>
  <testcase name="testMultExp_singleExpression" classname="parser.ParserTest" time="0.001"/>
  <testcase name="testFirstTokenNotIdentifierThrows" classname="parser.ParserTest" time="0.008"/>
  <testcase name="testPrimaryExpNewStruct" classname="parser.ParserTest" time="0.012"/>
  <testcase name="testDotExp_dotAfterNonIdentifier" classname="parser.ParserTest" time="0.006"/>
  <testcase name="testCommaTypeWithNoType" classname="parser.ParserTest" time="0"/>
  <testcase name="testVoidType" classname="parser.ParserTest" time="0.003"/>
  <testcase name="testValidAbsMethodDefSingleParam" classname="parser.ParserTest" time="0.001"/>
  <testcase name="testLessThanExp_singleLessThan" classname="parser.ParserTest" time="0.001"/>
  <testcase name="testEqualsExpWithNotEqualsToken" classname="parser.ParserTest" time="0.004"/>
  <testcase name="testTraitDefParsesMultipleAbsMethods" classname="parser.ParserTest" time="0.005"/>
  <testcase name="testFuncDef" classname="parser.ParserTest" time="0.005"/>
  <testcase name="testBlockStatement" classname="parser.ParserTest" time="0.005"/>
  <testcase name="testCommaExp_singleExpression" classname="parser.ParserTest" time="0.001"/>
  <testcase name="testPrintlnStatement" classname="parser.ParserTest" time="0.003"/>
  <testcase name="testStructActualParams_MultipleParams" classname="parser.ParserTest" time="0.002"/>
  <testcase name="testStructType" classname="parser.ParserTest" time="0.002"/>
  <testcase name="testAssertTokenIsThrowsParseException" classname="parser.ParserTest" time="0.004"/>
  <testcase name="testLetStatement" classname="parser.ParserTest" time="0.006"/>
  <testcase name="testBreakStatement" classname="parser.ParserTest" time="0.006"/>
  <testcase name="testWhileStatement" classname="parser.ParserTest" time="0.004"/>
  <testcase name="testMultExp_multiplication" classname="parser.ParserTest" time="0.001"/>
  <testcase name="testReturnStatement" classname="parser.ParserTest" time="0.001"/>
  <testcase name="testCommaTypeWithSingleType" classname="parser.ParserTest" time="0.001"/>
  <testcase name="testMissingColonBeforeReturnTypeThrows" classname="parser.ParserTest" time="0.003"/>
  <testcase name="testPrimaryExpVariable" classname="parser.ParserTest" time="0.002"/>
  <testcase name="testThrowsParseExceptionOnInvalidMethodName" classname="parser.ParserTest" time="0.005"/>
  <testcase name="testCommaTypeWithMultipleTypes" classname="parser.ParserTest" time="0.002"/>
  <testcase name="testThrowsParseExceptionOnInvalidTraitName" classname="parser.ParserTest" time="0.004"/>
  <testcase name="testAssignmentStatement" classname="parser.ParserTest" time="0.006"/>
  <testcase name="testStructDefMissingNameThrows" classname="parser.ParserTest" time="0.004"/>
  <testcase name="testPrimaryExpSelf" classname="parser.ParserTest" time="0.004"/>
  <testcase name="testThrowsParseExceptionOnInvalidTraitNameInImplDef" classname="parser.ParserTest" time="0.004"/>
  <testcase name="testMultExp_division" classname="parser.ParserTest" time="0.003"/>
  <testcase name="testMissingMethodNameThrows" classname="parser.ParserTest" time="0.002"/>
  <testcase name="testPrimaryExpTrueLiteral" classname="parser.ParserTest" time="0.004"/>
  <testcase name="testAdditionExpression" classname="parser.ParserTest" time="0.001"/>
  <testcase name="testMissingColonThrows" classname="parser.ParserTest" time="0.004"/>
  <testcase name="testPrimaryExpFalseLiteral" classname="parser.ParserTest" time="0.002"/>
  <testcase name="testIfStatementWithElse" classname="parser.ParserTest" time="0.007"/>
  <testcase name="testAddExp_noAdditionsOrSubtractions" classname="parser.ParserTest" time="0.002"/>
  <testcase name="testFunctionType" classname="parser.ParserTest" time="0.003"/>
  <testcase name="testAddExp_singleAddition" classname="parser.ParserTest" time="0.001"/>
  <testcase name="testThrowsParseExceptionOnInvalidFunctionNameInFuncDef" classname="parser.ParserTest" time="0.001"/>
  <testcase name="testValidStructDefMultipleFields" classname="parser.ParserTest" time="0.001"/>
  <testcase name="testStructActualParams_EmptyList" classname="parser.ParserTest" time="0.001"/>
  <testcase name="testIntegerLiteralExpression" classname="parser.ParserTest" time="0.001"/>
  <testcase name="testImplDefParsesConcMethod" classname="parser.ParserTest" time="0.004"/>
  <testcase name="testValidParamWithIntType" classname="parser.ParserTest" time="0.001"/>
  <testcase name="testVarAssignment" classname="parser.ParserTest" time="0.001"/>
  <testcase name="testReturnStatementWithExpression" classname="parser.ParserTest" time="0.001"/>
  <testcase name="testExpressionStatement" classname="parser.ParserTest" time="0.002"/>
  <testcase name="testCommaExp_multipleExpressions" classname="parser.ParserTest" time="0.001"/>
  <testcase name="testIntType" classname="parser.ParserTest" time="0.002"/>
  <testcase name="testDotExp_invalidDot" classname="parser.ParserTest" time="0.002"/>
  <testcase name="testReturnStatementWithoutExpression" classname="parser.ParserTest" time="0.001"/>
  <testcase name="testLessThanExp" classname="parser.ParserTest" time="0.001"/>
  <testcase name="testValidStructDefSingleField" classname="parser.ParserTest" time="0.002"/>
  <testcase name="testMultExpWithDivToken" classname="parser.ParserTest" time="0.002"/>
  <testcase name="testBooleanType" classname="parser.ParserTest" time="0.001"/>
  <testcase name="testPrimaryExpIntegerLiteral" classname="parser.ParserTest" time="0.001"/>
  <testcase name="testSelfType" classname="parser.ParserTest" time="0.004"/>
  <testcase name="testValidAbsMethodDefMultipleParams" classname="parser.ParserTest" time="0.002"/>
  <testcase name="testLessThanExp_emptyExpression" classname="parser.ParserTest" time="0.002"/>
</testsuite>